# JRE version: Java(TM) SE Runtime Environment Oracle GraalVM 21.0.5+9.1 (21.0.5+9) (build 21.0.5+9-LTS-jvmci-23.1-b48)
# Java VM: Java HotSpot(TM) 64-Bit Server VM Oracle GraalVM 21.0.5+9.1 (21.0.5+9-LTS-jvmci-23.1-b48, mixed mode, sharing, tiered, jvmci, jvmci compiler, compressed oops, compressed class ptrs, g1 gc, windows-amd64)
GC Precious Log:
 CardTable entry size: 512
 Card Set container configuration: InlinePtr #cards 5 size 8 Array Of Cards #cards 12 size 40 Howl #buckets 4 coarsen threshold 1843 Howl Bitmap #cards 512 size 80 coarsen threshold 460 Card regions per heap region 1 cards per card region 2048
 CPUs: 4 total, 4 available
 Memory: 3915M
 Large Page Support: Disabled
 NUMA Support: Disabled
 Compressed Oops: Enabled (32-bit)
 Heap Region Size: 1M
 Heap Min Capacity: 256M
 Heap Initial Capacity: 256M
 Heap Max Capacity: 512M
 Pre-touch: Disabled
 Parallel Workers: 4
 Concurrent Workers: 1
 Concurrent Refinement Workers: 4
 Periodic GC: Disabled
Heap:
 garbage-first heap   total 262144K, used 91136K [0x00000000e0000000, 0x0000000100000000)
  region size 1024K, 36 young (36864K), 2 survivors (2048K)
 Metaspace       used 66011K, committed 67968K, reserved 393216K
  class space    used 9179K, committed 10176K, reserved 327680K
GC Heap History (16 events):
Event: 14.711 GC heap before
{Heap before GC invocations=0 (full 0):
 garbage-first heap   total 262144K, used 13312K [0x00000000e0000000, 0x0000000100000000)
  region size 1024K, 13 young (13312K), 0 survivors (0K)
 Metaspace       used 1330K, committed 1536K, reserved 393216K
  class space    used 104K, committed 192K, reserved 327680K
}
Event: 14.725 GC heap after
{Heap after GC invocations=1 (full 0):
 garbage-first heap   total 262144K, used 2622K [0x00000000e0000000, 0x0000000100000000)
  region size 1024K, 2 young (2048K), 2 survivors (2048K)
 Metaspace       used 1330K, committed 1536K, reserved 393216K
  class space    used 104K, committed 192K, reserved 327680K
}
Event: 32.376 GC heap before
{Heap before GC invocations=1 (full 0):
 garbage-first heap   total 262144K, used 24126K [0x00000000e0000000, 0x0000000100000000)
  region size 1024K, 20 young (20480K), 2 survivors (2048K)
 Metaspace       used 4116K, committed 4352K, reserved 393216K
  class space    used 455K, committed 576K, reserved 327680K
}
Event: 32.392 GC heap after
{Heap after GC invocations=2 (full 0):
 garbage-first heap   total 262144K, used 12010K [0x00000000e0000000, 0x0000000100000000)
  region size 1024K, 3 young (3072K), 3 survivors (3072K)
 Metaspace       used 4116K, committed 4352K, reserved 393216K
  class space    used 455K, committed 576K, reserved 327680K
}
Event: 56.618 GC heap before
{Heap before GC invocations=2 (full 0):
 garbage-first heap   total 262144K, used 93930K [0x00000000e0000000, 0x0000000100000000)
  region size 1024K, 81 young (82944K), 3 survivors (3072K)
 Metaspace       used 13560K, committed 14016K, reserved 393216K
  class space    used 1683K, committed 1920K, reserved 327680K
}
Event: 56.649 GC heap after
{Heap after GC invocations=3 (full 0):
 garbage-first heap   total 262144K, used 21156K [0x00000000e0000000, 0x0000000100000000)
  region size 1024K, 11 young (11264K), 11 survivors (11264K)
 Metaspace       used 13560K, committed 14016K, reserved 393216K
  class space    used 1683K, committed 1920K, reserved 327680K
}
Event: 59.375 GC heap before
{Heap before GC invocations=3 (full 0):
 garbage-first heap   total 262144K, used 69284K [0x00000000e0000000, 0x0000000100000000)
  region size 1024K, 59 young (60416K), 11 survivors (11264K)
 Metaspace       used 20943K, committed 21504K, reserved 393216K
  class space    used 2835K, committed 3072K, reserved 327680K
}
Event: 59.405 GC heap after
{Heap after GC invocations=4 (full 0):
 garbage-first heap   total 262144K, used 24264K [0x00000000e0000000, 0x0000000100000000)
  region size 1024K, 4 young (4096K), 4 survivors (4096K)
 Metaspace       used 20943K, committed 21504K, reserved 393216K
  class space    used 2835K, committed 3072K, reserved 327680K
}
Event: 64.544 GC heap before
{Heap before GC invocations=5 (full 0):
 garbage-first heap   total 262144K, used 113352K [0x00000000e0000000, 0x0000000100000000)
  region size 1024K, 93 young (95232K), 4 survivors (4096K)
 Metaspace       used 34760K, committed 35968K, reserved 393216K
  class space    used 4855K, committed 5440K, reserved 327680K
}
Event: 64.574 GC heap after
{Heap after GC invocations=6 (full 0):
 garbage-first heap   total 262144K, used 29879K [0x00000000e0000000, 0x0000000100000000)
  region size 1024K, 9 young (9216K), 9 survivors (9216K)
 Metaspace       used 34760K, committed 35968K, reserved 393216K
  class space    used 4855K, committed 5440K, reserved 327680K
}
Event: 71.793 GC heap before
{Heap before GC invocations=7 (full 0):
 garbage-first heap   total 262144K, used 169143K [0x00000000e0000000, 0x0000000100000000)
  region size 1024K, 139 young (142336K), 9 survivors (9216K)
 Metaspace       used 49773K, committed 51456K, reserved 393216K
  class space    used 6866K, committed 7680K, reserved 327680K
}
Event: 71.839 GC heap after
{Heap after GC invocations=8 (full 0):
 garbage-first heap   total 262144K, used 38544K [0x00000000e0000000, 0x0000000100000000)
  region size 1024K, 18 young (18432K), 18 survivors (18432K)
 Metaspace       used 49773K, committed 51456K, reserved 393216K
  class space    used 6866K, committed 7680K, reserved 327680K
}
Event: 79.078 GC heap before
{Heap before GC invocations=8 (full 0):
 garbage-first heap   total 262144K, used 159376K [0x00000000e0000000, 0x0000000100000000)
  region size 1024K, 137 young (140288K), 18 survivors (18432K)
 Metaspace       used 58292K, committed 60160K, reserved 393216K
  class space    used 8229K, committed 9152K, reserved 327680K
}
Event: 79.185 GC heap after
{Heap after GC invocations=9 (full 0):
 garbage-first heap   total 262144K, used 49821K [0x00000000e0000000, 0x0000000100000000)
  region size 1024K, 20 young (20480K), 20 survivors (20480K)
 Metaspace       used 58292K, committed 60160K, reserved 393216K
  class space    used 8229K, committed 9152K, reserved 327680K
}
Event: 79.454 GC heap before
{Heap before GC invocations=9 (full 0):
 garbage-first heap   total 262144K, used 51869K [0x00000000e0000000, 0x0000000100000000)
  region size 1024K, 23 young (23552K), 20 survivors (20480K)
 Metaspace       used 58586K, committed 60480K, reserved 393216K
  class space    used 8293K, committed 9216K, reserved 327680K
}
Event: 79.498 GC heap after
{Heap after GC invocations=10 (full 0):
 garbage-first heap   total 262144K, used 52224K [0x00000000e0000000, 0x0000000100000000)
  region size 1024K, 2 young (2048K), 2 survivors (2048K)
 Metaspace       used 58586K, committed 60480K, reserved 393216K
  class space    used 8293K, committed 9216K, reserved 327680K
}

